Release 14.7 - xst P.20131013 (nt64)
Copyright (c) 1995-2013 Xilinx, Inc.  All rights reserved.
--> Parameter TMPDIR set to xst/projnav.tmp


Total REAL time to Xst completion: 0.00 secs
Total CPU time to Xst completion: 0.19 secs
 
--> Parameter xsthdpdir set to xst


Total REAL time to Xst completion: 0.00 secs
Total CPU time to Xst completion: 0.19 secs
 
--> Reading design: FourBitALU.prj

TABLE OF CONTENTS
  1) Synthesis Options Summary
  2) HDL Compilation
  3) Design Hierarchy Analysis
  4) HDL Analysis
  5) HDL Synthesis
     5.1) HDL Synthesis Report
  6) Advanced HDL Synthesis
     6.1) Advanced HDL Synthesis Report
  7) Low Level Synthesis
  8) Partition Report
  9) Final Report
	9.1) Device utilization summary
	9.2) Partition Resource Summary
	9.3) TIMING REPORT


=========================================================================
*                      Synthesis Options Summary                        *
=========================================================================
---- Source Parameters
Input File Name                    : "FourBitALU.prj"
Input Format                       : mixed
Ignore Synthesis Constraint File   : NO

---- Target Parameters
Output File Name                   : "FourBitALU"
Output Format                      : NGC
Target Device                      : xc3s50a-5-vq100

---- Source Options
Top Module Name                    : FourBitALU
Automatic FSM Extraction           : YES
FSM Encoding Algorithm             : Auto
Safe Implementation                : No
FSM Style                          : LUT
RAM Extraction                     : Yes
RAM Style                          : Auto
ROM Extraction                     : Yes
Mux Style                          : Auto
Decoder Extraction                 : YES
Priority Encoder Extraction        : Yes
Shift Register Extraction          : YES
Logical Shifter Extraction         : YES
XOR Collapsing                     : YES
ROM Style                          : Auto
Mux Extraction                     : Yes
Resource Sharing                   : YES
Asynchronous To Synchronous        : NO
Multiplier Style                   : Auto
Automatic Register Balancing       : No

---- Target Options
Add IO Buffers                     : YES
Global Maximum Fanout              : 100000
Add Generic Clock Buffer(BUFG)     : 24
Register Duplication               : YES
Slice Packing                      : YES
Optimize Instantiated Primitives   : NO
Use Clock Enable                   : Yes
Use Synchronous Set                : Yes
Use Synchronous Reset              : Yes
Pack IO Registers into IOBs        : Auto
Equivalent register Removal        : YES

---- General Options
Optimization Goal                  : Speed
Optimization Effort                : 1
Keep Hierarchy                     : No
Netlist Hierarchy                  : As_Optimized
RTL Output                         : Yes
Global Optimization                : AllClockNets
Read Cores                         : YES
Write Timing Constraints           : NO
Cross Clock Analysis               : NO
Hierarchy Separator                : /
Bus Delimiter                      : <>
Case Specifier                     : Maintain
Slice Utilization Ratio            : 100
BRAM Utilization Ratio             : 100
Verilog 2001                       : YES
Auto BRAM Packing                  : NO
Slice Utilization Ratio Delta      : 5

=========================================================================


=========================================================================
*                          HDL Compilation                              *
=========================================================================
Compiling vhdl file "C:/Users/otal19/Desktop/Elec 204 Lab3/Lab3/FullAdder.vhd" in Library work.
Architecture behavioral of Entity fulladder is up to date.
Compiling vhdl file "C:/Users/otal19/Desktop/Elec 204 Lab3/Lab3/ArithmeticUnit.vhd" in Library work.
Architecture behavioral of Entity arithmeticunit is up to date.
Compiling vhdl file "C:/Users/otal19/Desktop/Elec 204 Lab3/Lab3/LogicUnit.vhd" in Library work.
Entity <logicunit> compiled.
Entity <logicunit> (Architecture <behavioral>) compiled.
Compiling vhdl file "C:/Users/otal19/Desktop/Elec 204 Lab3/Lab3/ALU.vhd" in Library work.
Architecture behavioral of Entity alu is up to date.
Compiling vhdl file "C:/Users/otal19/Desktop/Elec 204 Lab3/Lab3/FourBitALU.vhd" in Library work.
Architecture behavioral of Entity fourbitalu is up to date.

=========================================================================
*                     Design Hierarchy Analysis                         *
=========================================================================
Analyzing hierarchy for entity <FourBitALU> in library <work> (architecture <behavioral>).

Analyzing hierarchy for entity <ALU> in library <work> (architecture <behavioral>).

Analyzing hierarchy for entity <ArithmeticUnit> in library <work> (architecture <behavioral>).

Analyzing hierarchy for entity <LogicUnit> in library <work> (architecture <behavioral>).

Analyzing hierarchy for entity <FullAdder> in library <work> (architecture <behavioral>).


=========================================================================
*                            HDL Analysis                               *
=========================================================================
Analyzing Entity <FourBitALU> in library <work> (Architecture <behavioral>).
Entity <FourBitALU> analyzed. Unit <FourBitALU> generated.

Analyzing Entity <ALU> in library <work> (Architecture <behavioral>).
Entity <ALU> analyzed. Unit <ALU> generated.

Analyzing Entity <ArithmeticUnit> in library <work> (Architecture <behavioral>).
Entity <ArithmeticUnit> analyzed. Unit <ArithmeticUnit> generated.

Analyzing Entity <FullAdder> in library <work> (Architecture <behavioral>).
Entity <FullAdder> analyzed. Unit <FullAdder> generated.

Analyzing Entity <LogicUnit> in library <work> (Architecture <behavioral>).
Entity <LogicUnit> analyzed. Unit <LogicUnit> generated.


=========================================================================
*                           HDL Synthesis                               *
=========================================================================

Performing bidirectional port resolution...

Synthesizing Unit <LogicUnit>.
    Related source file is "C:/Users/otal19/Desktop/Elec 204 Lab3/Lab3/LogicUnit.vhd".
    Found 1-bit xor2 for signal <Z$xor0000> created at line 42.
Unit <LogicUnit> synthesized.


Synthesizing Unit <FullAdder>.
    Related source file is "C:/Users/otal19/Desktop/Elec 204 Lab3/Lab3/FullAdder.vhd".
    Found 1-bit xor2 for signal <Z>.
    Found 1-bit xor2 for signal <P>.
Unit <FullAdder> synthesized.


Synthesizing Unit <ArithmeticUnit>.
    Related source file is "C:/Users/otal19/Desktop/Elec 204 Lab3/Lab3/ArithmeticUnit.vhd".
    Found 1-bit xor2 for signal <A_star>.
    Found 1-bit xor2 for signal <B_star$xor0000> created at line 52.
Unit <ArithmeticUnit> synthesized.


Synthesizing Unit <ALU>.
    Related source file is "C:/Users/otal19/Desktop/Elec 204 Lab3/Lab3/ALU.vhd".
Unit <ALU> synthesized.


Synthesizing Unit <FourBitALU>.
    Related source file is "C:/Users/otal19/Desktop/Elec 204 Lab3/Lab3/FourBitALU.vhd".
    Found 1-bit xor2 for signal <V>.
Unit <FourBitALU> synthesized.


=========================================================================
HDL Synthesis Report

Macro Statistics
# Xors                                                 : 21
 1-bit xor2                                            : 21

=========================================================================

=========================================================================
*                       Advanced HDL Synthesis                          *
=========================================================================


=========================================================================
Advanced HDL Synthesis Report

Macro Statistics
# Xors                                                 : 21
 1-bit xor2                                            : 21

=========================================================================

=========================================================================
*                         Low Level Synthesis                           *
=========================================================================

Optimizing unit <FourBitALU> ...

Mapping all equations...
Building and optimizing final netlist ...
Found area constraint ratio of 100 (+ 5) on block FourBitALU, actual ratio is 1.

Final Macro Processing ...

=========================================================================
Final Register Report

Found no macro
=========================================================================

=========================================================================
*                           Partition Report                            *
=========================================================================

Partition Implementation Status
-------------------------------

  No Partitions were found in this design.

-------------------------------

=========================================================================
*                            Final Report                               *
=========================================================================
Final Results
RTL Top Level Output File Name     : FourBitALU.ngr
Top Level Output File Name         : FourBitALU
Output Format                      : NGC
Optimization Goal                  : Speed
Keep Hierarchy                     : No

Design Statistics
# IOs                              : 18

Cell Usage :
# BELS                             : 24
#      LUT2                        : 1
#      LUT3                        : 4
#      LUT4                        : 15
#      MUXF5                       : 4
# IO Buffers                       : 18
#      IBUF                        : 12
#      OBUF                        : 6
=========================================================================

Device utilization summary:
---------------------------

Selected Device : 3s50avq100-5 

 Number of Slices:                       11  out of    704     1%  
 Number of 4 input LUTs:                 20  out of   1408     1%  
 Number of IOs:                          18
 Number of bonded IOBs:                  18  out of     68    26%  

---------------------------
Partition Resource Summary:
---------------------------

  No Partitions were found in this design.

---------------------------


=========================================================================
TIMING REPORT

NOTE: THESE TIMING NUMBERS ARE ONLY A SYNTHESIS ESTIMATE.
      FOR ACCURATE TIMING INFORMATION PLEASE REFER TO THE TRACE REPORT
      GENERATED AFTER PLACE-and-ROUTE.

Clock Information:
------------------
No clock signals found in this design

Asynchronous Control Signals Information:
----------------------------------------
No asynchronous control signals found in this design

Timing Summary:
---------------
Speed Grade: -5

   Minimum period: No path found
   Minimum input arrival time before clock: No path found
   Maximum output required time after clock: No path found
   Maximum combinational path delay: 12.615ns

Timing Detail:
--------------
All values displayed in nanoseconds (ns)

=========================================================================
Timing constraint: Default path analysis
  Total number of paths / destination ports: 134 / 6
-------------------------------------------------------------------------
Delay:               12.615ns (Levels of Logic = 9)
  Source:            S1 (PAD)
  Destination:       F<3> (PAD)

  Data Path: S1 to F<3>
                                Gate     Net
    Cell:in->out      fanout   Delay   Delay  Logical Name (Net Name)
    ----------------------------------------  ------------
     IBUF:I->O            13   0.824   0.944  S1_IBUF (S1_IBUF)
     LUT2:I0->O            7   0.561   0.625  K1/G1/A_star_and00001 (K1/G1/A_star_and0000)
     LUT4:I2->O            2   0.561   0.488  K1/G1/T1/C_out1 (C_out_0)
     LUT4:I0->O            2   0.561   0.488  K2/G1/T1/C_out1 (C_out_1)
     LUT4:I0->O            3   0.561   0.517  K3/G1/T1/C_out1 (C_out_2)
     LUT4:I1->O            1   0.562   0.380  K4/Z_SW1 (N21)
     LUT4:I2->O            1   0.561   0.000  K4/Z_G (N30)
     MUXF5:I1->O           1   0.229   0.357  K4/Z (F_3_OBUF)
     OBUF:I->O                 4.396          F_3_OBUF (F<3>)
    ----------------------------------------
    Total                     12.615ns (8.816ns logic, 3.799ns route)
                                       (69.9% logic, 30.1% route)

=========================================================================


Total REAL time to Xst completion: 8.00 secs
Total CPU time to Xst completion: 7.39 secs
 
--> 

Total memory usage is 4534652 kilobytes

Number of errors   :    0 (   0 filtered)
Number of warnings :    0 (   0 filtered)
Number of infos    :    0 (   0 filtered)

